<?xml version="1.0" encoding="UTF-8"?>
<testng-results ignored="0" total="1" passed="1" failed="0" skipped="0">
  <reporter-output>
    <line>
      <![CDATA[Afya application is sucessgully launched]]>
    </line>
    <line>
      <![CDATA[Login page is sucessfully displayed]]>
    </line>
    <line>
      <![CDATA[sucessfully loged in and Home page is displayed]]>
    </line>
  </reporter-output>
  <suite started-at="2020-09-09T12:10:14 IST" name="Surefire suite" finished-at="2020-09-09T12:11:43 IST" duration-ms="89412">
    <groups>
    </groups>
    <test started-at="2020-09-09T12:10:14 IST" name="Surefire test" finished-at="2020-09-09T12:11:43 IST" duration-ms="89412">
      <class name="com.niveus.LoginTest">
        <test-method is-config="true" signature="readAndWriteexcel()[pri:0, instance:com.niveus.LoginTest@51c8530f]" started-at="2020-09-09T12:10:14 IST" name="readAndWriteexcel" finished-at="2020-09-09T12:10:14 IST" duration-ms="271" status="PASS">
          <reporter-output>
          </reporter-output>
        </test-method> <!-- readAndWriteexcel -->
        <test-method is-config="true" signature="configBc()[pri:0, instance:com.niveus.LoginTest@51c8530f]" started-at="2020-09-09T12:10:14 IST" name="configBc" finished-at="2020-09-09T12:10:36 IST" duration-ms="22067" status="PASS">
          <reporter-output>
            <line>
              <![CDATA[Afya application is sucessgully launched]]>
            </line>
          </reporter-output>
        </test-method> <!-- configBc -->
        <test-method signature="loginPageTest()[pri:0, instance:com.niveus.LoginTest@51c8530f]" started-at="2020-09-09T12:10:36 IST" name="loginPageTest" finished-at="2020-09-09T12:10:50 IST" duration-ms="13588" status="PASS">
          <reporter-output>
            <line>
              <![CDATA[Login page is sucessfully displayed]]>
            </line>
            <line>
              <![CDATA[sucessfully loged in and Home page is displayed]]>
            </line>
          </reporter-output>
        </test-method> <!-- loginPageTest -->
        <test-method is-config="true" signature="configAC()[pri:0, instance:com.niveus.LoginTest@51c8530f]" started-at="2020-09-09T12:10:50 IST" name="configAC" finished-at="2020-09-09T12:10:50 IST" duration-ms="152" status="PASS">
          <reporter-output>
          </reporter-output>
        </test-method> <!-- configAC -->
        <test-method is-config="true" signature="flushReport()[pri:0, instance:com.niveus.LoginTest@51c8530f]" started-at="2020-09-09T12:10:50 IST" name="flushReport" finished-at="2020-09-09T12:11:43 IST" duration-ms="53307" status="PASS">
          <reporter-output>
          </reporter-output>
        </test-method> <!-- flushReport -->
      </class> <!-- com.niveus.LoginTest -->
    </test> <!-- Surefire test -->
  </suite> <!-- Surefire suite -->
</testng-results>
